<?xml version="1.0" encoding="UTF-8"?>
<!-- Generated by org.testng.reporters.JUnitReportReporter -->
<testsuite hostname="DESKTOP-GE6RJF5" failures="0" tests="1" name="pkg.temp.letsplay.DummyOneT" time="7.485" errors="0" timestamp="7 Aug 2019 19:40:55 GMT">
  <testcase classname="pkg.temp.letsplay.DummyOneT" name="test1" time="7.485"/>
</testsuite> <!-- pkg.temp.letsplay.DummyOneT -->
