<?xml version="1.0" encoding="UTF-8"?>
<!-- Generated by org.testng.reporters.JUnitReportReporter -->
<testsuite hostname="DESKTOP-GE6RJF5" failures="0" tests="1" name="pkg.temp.letsplay.DummyClass" time="0.013" errors="0" timestamp="24 Jul 2019 20:33:11 GMT">
  <testcase classname="pkg.temp.letsplay.DummyClass" name="test" time="0.013"/>
</testsuite> <!-- pkg.temp.letsplay.DummyClass -->
