<?xml version="1.0" encoding="UTF-8"?>
<!-- Generated by org.testng.reporters.JUnitReportReporter -->
<testsuite hostname="DESKTOP-GE6RJF5" failures="0" tests="1" name="seleniumAssignments.TestNG_ExceptionsHandle" time="0.020" errors="0" timestamp="29 Jul 2019 11:08:45 GMT">
  <testcase classname="seleniumAssignments.TestNG_ExceptionsHandle" name="testExcep" time="0.020"/>
</testsuite> <!-- seleniumAssignments.TestNG_ExceptionsHandle -->
